# JRE version: OpenJDK Runtime Environment (8.0_312-b07) (build 1.8.0_312-b07)
# Java VM: OpenJDK 64-Bit Server VM (25.312-b07 mixed mode windows-amd64 compressed oops)
Heap:
 PSYoungGen      total 204288K, used 14579K [0x0000000715b80000, 0x0000000726380000, 0x00000007c0000000)
  eden space 189440K, 0% used [0x0000000715b80000,0x0000000715ba8e60,0x0000000721480000)
  from space 14848K, 97% used [0x0000000724a00000,0x00000007258140d0,0x0000000725880000)
  to   space 11264K, 0% used [0x0000000725880000,0x0000000725880000,0x0000000726380000)
 ParOldGen       total 339456K, used 17418K [0x00000005c1200000, 0x00000005d5d80000, 0x0000000715b80000)
  object space 339456K, 5% used [0x00000005c1200000,0x00000005c2302818,0x00000005d5d80000)
 Metaspace       used 51545K, capacity 55182K, committed 55296K, reserved 1097728K
  class space    used 6998K, capacity 7644K, committed 7680K, reserved 1048576K
GC Heap History (10 events):
Event: 1.825 GC heap before
{Heap before GC invocations=5 (full 1):
 PSYoungGen      total 153088K, used 71209K [0x0000000715b80000, 0x0000000724580000, 0x00000007c0000000)
  eden space 131584K, 44% used [0x0000000715b80000,0x00000007194a42e0,0x000000071dc00000)
  from space 21504K, 59% used [0x000000071dc00000,0x000000071e866510,0x000000071f100000)
  to   space 21504K, 0% used [0x0000000723080000,0x0000000723080000,0x0000000724580000)
 ParOldGen       total 203776K, used 11290K [0x00000005c1200000, 0x00000005cd900000, 0x0000000715b80000)
  object space 203776K, 5% used [0x00000005c1200000,0x00000005c1d06b90,0x00000005cd900000)
 Metaspace       used 32900K, capacity 35388K, committed 35496K, reserved 1079296K
  class space    used 4585K, capacity 5044K, committed 5120K, reserved 1048576K
Event: 1.829 GC heap after
Heap after GC invocations=5 (full 1):
 PSYoungGen      total 218112K, used 10729K [0x0000000715b80000, 0x0000000724800000, 0x00000007c0000000)
  eden space 196608K, 0% used [0x0000000715b80000,0x0000000715b80000,0x0000000721b80000)
  from space 21504K, 49% used [0x0000000723080000,0x0000000723afa498,0x0000000724580000)
  to   space 21504K, 0% used [0x0000000721b80000,0x0000000721b80000,0x0000000723080000)
 ParOldGen       total 203776K, used 11298K [0x00000005c1200000, 0x00000005cd900000, 0x0000000715b80000)
  object space 203776K, 5% used [0x00000005c1200000,0x00000005c1d08b90,0x00000005cd900000)
 Metaspace       used 32900K, capacity 35388K, committed 35496K, reserved 1079296K
  class space    used 4585K, capacity 5044K, committed 5120K, reserved 1048576K
}
Event: 1.829 GC heap before
{Heap before GC invocations=6 (full 2):
 PSYoungGen      total 218112K, used 10729K [0x0000000715b80000, 0x0000000724800000, 0x00000007c0000000)
  eden space 196608K, 0% used [0x0000000715b80000,0x0000000715b80000,0x0000000721b80000)
  from space 21504K, 49% used [0x0000000723080000,0x0000000723afa498,0x0000000724580000)
  to   space 21504K, 0% used [0x0000000721b80000,0x0000000721b80000,0x0000000723080000)
 ParOldGen       total 203776K, used 11298K [0x00000005c1200000, 0x00000005cd900000, 0x0000000715b80000)
  object space 203776K, 5% used [0x00000005c1200000,0x00000005c1d08b90,0x00000005cd900000)
 Metaspace       used 32900K, capacity 35388K, committed 35496K, reserved 1079296K
  class space    used 4585K, capacity 5044K, committed 5120K, reserved 1048576K
Event: 1.864 GC heap after
Heap after GC invocations=6 (full 2):
 PSYoungGen      total 218112K, used 0K [0x0000000715b80000, 0x0000000724800000, 0x00000007c0000000)
  eden space 196608K, 0% used [0x0000000715b80000,0x0000000715b80000,0x0000000721b80000)
  from space 21504K, 0% used [0x0000000723080000,0x0000000723080000,0x0000000724580000)
  to   space 21504K, 0% used [0x0000000721b80000,0x0000000721b80000,0x0000000723080000)
 ParOldGen       total 339456K, used 17322K [0x00000005c1200000, 0x00000005d5d80000, 0x0000000715b80000)
  object space 339456K, 5% used [0x00000005c1200000,0x00000005c22ea808,0x00000005d5d80000)
 Metaspace       used 32898K, capacity 35386K, committed 35496K, reserved 1079296K
  class space    used 4584K, capacity 5043K, committed 5120K, reserved 1048576K
}
Event: 108.591 GC heap before
{Heap before GC invocations=7 (full 2):
 PSYoungGen      total 218112K, used 196608K [0x0000000715b80000, 0x0000000724800000, 0x00000007c0000000)
  eden space 196608K, 100% used [0x0000000715b80000,0x0000000721b80000,0x0000000721b80000)
  from space 21504K, 0% used [0x0000000723080000,0x0000000723080000,0x0000000724580000)
  to   space 21504K, 0% used [0x0000000721b80000,0x0000000721b80000,0x0000000723080000)
 ParOldGen       total 339456K, used 17322K [0x00000005c1200000, 0x00000005d5d80000, 0x0000000715b80000)
  object space 339456K, 5% used [0x00000005c1200000,0x00000005c22ea808,0x00000005d5d80000)
 Metaspace       used 48677K, capacity 52136K, committed 52352K, reserved 1093632K
  class space    used 6678K, capacity 7295K, committed 7296K, reserved 1048576K
Event: 108.599 GC heap after
Heap after GC invocations=7 (full 2):
 PSYoungGen      total 218112K, used 20266K [0x0000000715b80000, 0x0000000727700000, 0x00000007c0000000)
  eden space 196608K, 0% used [0x0000000715b80000,0x0000000715b80000,0x0000000721b80000)
  from space 21504K, 94% used [0x0000000721b80000,0x0000000722f4a840,0x0000000723080000)
  to   space 20480K, 0% used [0x0000000726300000,0x0000000726300000,0x0000000727700000)
 ParOldGen       total 339456K, used 17394K [0x00000005c1200000, 0x00000005d5d80000, 0x0000000715b80000)
  object space 339456K, 5% used [0x00000005c1200000,0x00000005c22fc818,0x00000005d5d80000)
 Metaspace       used 48677K, capacity 52136K, committed 52352K, reserved 1093632K
  class space    used 6678K, capacity 7295K, committed 7296K, reserved 1048576K
}
Event: 17122.882 GC heap before
{Heap before GC invocations=8 (full 2):
 PSYoungGen      total 218112K, used 216874K [0x0000000715b80000, 0x0000000727700000, 0x00000007c0000000)
  eden space 196608K, 100% used [0x0000000715b80000,0x0000000721b80000,0x0000000721b80000)
  from space 21504K, 94% used [0x0000000721b80000,0x0000000722f4a840,0x0000000723080000)
  to   space 20480K, 0% used [0x0000000726300000,0x0000000726300000,0x0000000727700000)
 ParOldGen       total 339456K, used 17394K [0x00000005c1200000, 0x00000005d5d80000, 0x0000000715b80000)
  object space 339456K, 5% used [0x00000005c1200000,0x00000005c22fc818,0x00000005d5d80000)
 Metaspace       used 51454K, capacity 55104K, committed 55296K, reserved 1097728K
  class space    used 6991K, capacity 7631K, committed 7680K, reserved 1048576K
Event: 17122.905 GC heap after
Heap after GC invocations=8 (full 2):
 PSYoungGen      total 209408K, used 16221K [0x0000000715b80000, 0x0000000727300000, 0x00000007c0000000)
  eden space 193024K, 0% used [0x0000000715b80000,0x0000000715b80000,0x0000000721800000)
  from space 16384K, 99% used [0x0000000726300000,0x00000007272d7608,0x0000000727300000)
  to   space 20992K, 0% used [0x0000000724a00000,0x0000000724a00000,0x0000000725e80000)
 ParOldGen       total 339456K, used 17410K [0x00000005c1200000, 0x00000005d5d80000, 0x0000000715b80000)
  object space 339456K, 5% used [0x00000005c1200000,0x00000005c2300818,0x00000005d5d80000)
 Metaspace       used 51454K, capacity 55104K, committed 55296K, reserved 1097728K
  class space    used 6991K, capacity 7631K, committed 7680K, reserved 1048576K
}
Event: 38716.324 GC heap before
{Heap before GC invocations=9 (full 2):
 PSYoungGen      total 209408K, used 209245K [0x0000000715b80000, 0x0000000727300000, 0x00000007c0000000)
  eden space 193024K, 100% used [0x0000000715b80000,0x0000000721800000,0x0000000721800000)
  from space 16384K, 99% used [0x0000000726300000,0x00000007272d7608,0x0000000727300000)
  to   space 20992K, 0% used [0x0000000724a00000,0x0000000724a00000,0x0000000725e80000)
 ParOldGen       total 339456K, used 17410K [0x00000005c1200000, 0x00000005d5d80000, 0x0000000715b80000)
  object space 339456K, 5% used [0x00000005c1200000,0x00000005c2300818,0x00000005d5d80000)
 Metaspace       used 51545K, capacity 55182K, committed 55296K, reserved 1097728K
  class space    used 6998K, capacity 7644K, committed 7680K, reserved 1048576K
Event: 38716.341 GC heap after
Heap after GC invocations=9 (full 2):
 PSYoungGen      total 204288K, used 14416K [0x0000000715b80000, 0x0000000726380000, 0x00000007c0000000)
  eden space 189440K, 0% used [0x0000000715b80000,0x0000000715b80000,0x0000000721480000)
  from space 14848K, 97% used [0x0000000724a00000,0x00000007258140d0,0x0000000725880000)
  to   space 11264K, 0% used [0x0000000725880000,0x0000000725880000,0x0000000726380000)
 ParOldGen       total 339456K, used 17418K [0x00000005c1200000, 0x00000005d5d80000, 0x0000000715b80000)
  object space 339456K, 5% used [0x00000005c1200000,0x00000005c2302818,0x00000005d5d80000)
 Metaspace       used 51545K, capacity 55182K, committed 55296K, reserved 1097728K
  class space    used 6998K, capacity 7644K, committed 7680K, reserved 1048576K
}

