# JRE version: OpenJDK Runtime Environment (8.0_312-b07) (build 1.8.0_312-b07)
# Java VM: OpenJDK 64-Bit Server VM (25.312-b07 mixed mode windows-amd64 compressed oops)
Heap:
 PSYoungGen      total 180224K, used 13692K [0x0000000715b80000, 0x0000000723380000, 0x00000007c0000000)
  eden space 166912K, 0% used [0x0000000715b80000,0x0000000715c4d340,0x000000071fe80000)
  from space 13312K, 96% used [0x0000000722680000,0x0000000723311e60,0x0000000723380000)
  to   space 19456K, 0% used [0x0000000720d80000,0x0000000720d80000,0x0000000722080000)
 ParOldGen       total 354816K, used 31241K [0x00000005c1200000, 0x00000005d6c80000, 0x0000000715b80000)
  object space 354816K, 8% used [0x00000005c1200000,0x00000005c3082448,0x00000005d6c80000)
 Metaspace       used 52929K, capacity 56740K, committed 56832K, reserved 1097728K
  class space    used 7159K, capacity 7863K, committed 7936K, reserved 1048576K
GC Heap History (10 events):
Event: 112902.220 GC heap before
{Heap before GC invocations=12 (full 2):
 PSYoungGen      total 196096K, used 195995K [0x0000000715b80000, 0x0000000724d00000, 0x00000007c0000000)
  eden space 180224K, 100% used [0x0000000715b80000,0x0000000720b80000,0x0000000720b80000)
  from space 15872K, 99% used [0x0000000722f00000,0x0000000723e66fd0,0x0000000723e80000)
  to   space 14848K, 0% used [0x0000000723e80000,0x0000000723e80000,0x0000000724d00000)
 ParOldGen       total 354816K, used 23007K [0x00000005c1200000, 0x00000005d6c80000, 0x0000000715b80000)
  object space 354816K, 6% used [0x00000005c1200000,0x00000005c2877cc0,0x00000005d6c80000)
 Metaspace       used 51671K, capacity 55348K, committed 55552K, reserved 1097728K
  class space    used 7009K, capacity 7651K, committed 7680K, reserved 1048576K
Event: 112902.234 GC heap after
Heap after GC invocations=12 (full 2):
 PSYoungGen      total 192000K, used 14827K [0x0000000715b80000, 0x0000000724d00000, 0x00000007c0000000)
  eden space 177152K, 0% used [0x0000000715b80000,0x0000000715b80000,0x0000000720880000)
  from space 14848K, 99% used [0x0000000723e80000,0x0000000724cfaf80,0x0000000724d00000)
  to   space 19968K, 0% used [0x0000000722600000,0x0000000722600000,0x0000000723980000)
 ParOldGen       total 354816K, used 24071K [0x00000005c1200000, 0x00000005d6c80000, 0x0000000715b80000)
  object space 354816K, 6% used [0x00000005c1200000,0x00000005c2981ce0,0x00000005d6c80000)
 Metaspace       used 51671K, capacity 55348K, committed 55552K, reserved 1097728K
  class space    used 7009K, capacity 7651K, committed 7680K, reserved 1048576K
}
Event: 136742.574 GC heap before
{Heap before GC invocations=13 (full 2):
 PSYoungGen      total 192000K, used 191979K [0x0000000715b80000, 0x0000000724d00000, 0x00000007c0000000)
  eden space 177152K, 100% used [0x0000000715b80000,0x0000000720880000,0x0000000720880000)
  from space 14848K, 99% used [0x0000000723e80000,0x0000000724cfaf80,0x0000000724d00000)
  to   space 19968K, 0% used [0x0000000722600000,0x0000000722600000,0x0000000723980000)
 ParOldGen       total 354816K, used 24071K [0x00000005c1200000, 0x00000005d6c80000, 0x0000000715b80000)
  object space 354816K, 6% used [0x00000005c1200000,0x00000005c2981ce0,0x00000005d6c80000)
 Metaspace       used 51671K, capacity 55348K, committed 55552K, reserved 1097728K
  class space    used 7009K, capacity 7651K, committed 7680K, reserved 1048576K
Event: 136742.583 GC heap after
Heap after GC invocations=13 (full 2):
 PSYoungGen      total 190976K, used 16268K [0x0000000715b80000, 0x0000000723f00000, 0x00000007c0000000)
  eden space 174592K, 0% used [0x0000000715b80000,0x0000000715b80000,0x0000000720600000)
  from space 16384K, 99% used [0x0000000722600000,0x00000007235e3100,0x0000000723600000)
  to   space 9216K, 0% used [0x0000000723600000,0x0000000723600000,0x0000000723f00000)
 ParOldGen       total 354816K, used 24079K [0x00000005c1200000, 0x00000005d6c80000, 0x0000000715b80000)
  object space 354816K, 6% used [0x00000005c1200000,0x00000005c2983ce0,0x00000005d6c80000)
 Metaspace       used 51671K, capacity 55348K, committed 55552K, reserved 1097728K
  class space    used 7009K, capacity 7651K, committed 7680K, reserved 1048576K
}
Event: 159219.733 GC heap before
{Heap before GC invocations=14 (full 2):
 PSYoungGen      total 190976K, used 190860K [0x0000000715b80000, 0x0000000723f00000, 0x00000007c0000000)
  eden space 174592K, 100% used [0x0000000715b80000,0x0000000720600000,0x0000000720600000)
  from space 16384K, 99% used [0x0000000722600000,0x00000007235e3100,0x0000000723600000)
  to   space 9216K, 0% used [0x0000000723600000,0x0000000723600000,0x0000000723f00000)
 ParOldGen       total 354816K, used 24079K [0x00000005c1200000, 0x00000005d6c80000, 0x0000000715b80000)
  object space 354816K, 6% used [0x00000005c1200000,0x00000005c2983ce0,0x00000005d6c80000)
 Metaspace       used 51797K, capacity 55514K, committed 55680K, reserved 1097728K
  class space    used 7025K, capacity 7684K, committed 7808K, reserved 1048576K
Event: 159219.756 GC heap after
Heap after GC invocations=14 (full 2):
 PSYoungGen      total 181248K, used 9201K [0x0000000715b80000, 0x0000000723f00000, 0x00000007c0000000)
  eden space 172032K, 0% used [0x0000000715b80000,0x0000000715b80000,0x0000000720380000)
  from space 9216K, 99% used [0x0000000723600000,0x0000000723efc6e0,0x0000000723f00000)
  to   space 19968K, 0% used [0x0000000721800000,0x0000000721800000,0x0000000722b80000)
 ParOldGen       total 354816K, used 31225K [0x00000005c1200000, 0x00000005d6c80000, 0x0000000715b80000)
  object space 354816K, 8% used [0x00000005c1200000,0x00000005c307e448,0x00000005d6c80000)
 Metaspace       used 51797K, capacity 55514K, committed 55680K, reserved 1097728K
  class space    used 7025K, capacity 7684K, committed 7808K, reserved 1048576K
}
Event: 181674.042 GC heap before
{Heap before GC invocations=15 (full 2):
 PSYoungGen      total 181248K, used 181233K [0x0000000715b80000, 0x0000000723f00000, 0x00000007c0000000)
  eden space 172032K, 100% used [0x0000000715b80000,0x0000000720380000,0x0000000720380000)
  from space 9216K, 99% used [0x0000000723600000,0x0000000723efc6e0,0x0000000723f00000)
  to   space 19968K, 0% used [0x0000000721800000,0x0000000721800000,0x0000000722b80000)
 ParOldGen       total 354816K, used 31225K [0x00000005c1200000, 0x00000005d6c80000, 0x0000000715b80000)
  object space 354816K, 8% used [0x00000005c1200000,0x00000005c307e448,0x00000005d6c80000)
 Metaspace       used 51812K, capacity 55544K, committed 55680K, reserved 1097728K
  class space    used 7027K, capacity 7689K, committed 7808K, reserved 1048576K
Event: 181674.068 GC heap after
Heap after GC invocations=15 (full 2):
 PSYoungGen      total 184320K, used 14787K [0x0000000715b80000, 0x0000000723680000, 0x00000007c0000000)
  eden space 169472K, 0% used [0x0000000715b80000,0x0000000715b80000,0x0000000720100000)
  from space 14848K, 99% used [0x0000000721800000,0x0000000722670e90,0x0000000722680000)
  to   space 16384K, 0% used [0x0000000722680000,0x0000000722680000,0x0000000723680000)
 ParOldGen       total 354816K, used 31233K [0x00000005c1200000, 0x00000005d6c80000, 0x0000000715b80000)
  object space 354816K, 8% used [0x00000005c1200000,0x00000005c3080448,0x00000005d6c80000)
 Metaspace       used 51812K, capacity 55544K, committed 55680K, reserved 1097728K
  class space    used 7027K, capacity 7689K, committed 7808K, reserved 1048576K
}
Event: 185054.687 GC heap before
{Heap before GC invocations=16 (full 2):
 PSYoungGen      total 184320K, used 184259K [0x0000000715b80000, 0x0000000723680000, 0x00000007c0000000)
  eden space 169472K, 100% used [0x0000000715b80000,0x0000000720100000,0x0000000720100000)
  from space 14848K, 99% used [0x0000000721800000,0x0000000722670e90,0x0000000722680000)
  to   space 16384K, 0% used [0x0000000722680000,0x0000000722680000,0x0000000723680000)
 ParOldGen       total 354816K, used 31233K [0x00000005c1200000, 0x00000005d6c80000, 0x0000000715b80000)
  object space 354816K, 8% used [0x00000005c1200000,0x00000005c3080448,0x00000005d6c80000)
 Metaspace       used 52929K, capacity 56740K, committed 56832K, reserved 1097728K
  class space    used 7159K, capacity 7863K, committed 7936K, reserved 1048576K
Event: 185054.704 GC heap after
Heap after GC invocations=16 (full 2):
 PSYoungGen      total 180224K, used 12871K [0x0000000715b80000, 0x0000000723380000, 0x00000007c0000000)
  eden space 166912K, 0% used [0x0000000715b80000,0x0000000715b80000,0x000000071fe80000)
  from space 13312K, 96% used [0x0000000722680000,0x0000000723311e60,0x0000000723380000)
  to   space 19456K, 0% used [0x0000000720d80000,0x0000000720d80000,0x0000000722080000)
 ParOldGen       total 354816K, used 31241K [0x00000005c1200000, 0x00000005d6c80000, 0x0000000715b80000)
  object space 354816K, 8% used [0x00000005c1200000,0x00000005c3082448,0x00000005d6c80000)
 Metaspace       used 52929K, capacity 56740K, committed 56832K, reserved 1097728K
  class space    used 7159K, capacity 7863K, committed 7936K, reserved 1048576K
}

