# JRE version: OpenJDK Runtime Environment (8.0_312-b07) (build 1.8.0_312-b07)
# Java VM: OpenJDK 64-Bit Server VM (25.312-b07 mixed mode windows-amd64 compressed oops)
Heap:
 PSYoungGen      total 206336K, used 21944K [0x0000000715b80000, 0x0000000726d80000, 0x00000007c0000000)
  eden space 188928K, 2% used [0x0000000715b80000,0x000000071600edf8,0x0000000721400000)
  from space 17408K, 99% used [0x0000000725c80000,0x0000000726d5f348,0x0000000726d80000)
  to   space 21504K, 0% used [0x0000000724380000,0x0000000724380000,0x0000000725880000)
 ParOldGen       total 351232K, used 17526K [0x00000005c1200000, 0x00000005d6900000, 0x0000000715b80000)
  object space 351232K, 4% used [0x00000005c1200000,0x00000005c231dbb8,0x00000005d6900000)
 Metaspace       used 52449K, capacity 56220K, committed 56576K, reserved 1097728K
  class space    used 7120K, capacity 7821K, committed 7936K, reserved 1048576K
GC Heap History (10 events):
Event: 1.583 GC heap before
{Heap before GC invocations=4 (full 1):
 PSYoungGen      total 153088K, used 131584K [0x0000000715b80000, 0x0000000728680000, 0x00000007c0000000)
  eden space 131584K, 100% used [0x0000000715b80000,0x000000071dc00000,0x000000071dc00000)
  from space 21504K, 0% used [0x000000071f100000,0x000000071f100000,0x0000000720600000)
  to   space 21504K, 0% used [0x000000071dc00000,0x000000071dc00000,0x000000071f100000)
 ParOldGen       total 207872K, used 11279K [0x00000005c1200000, 0x00000005cdd00000, 0x0000000715b80000)
  object space 207872K, 5% used [0x00000005c1200000,0x00000005c1d03f80,0x00000005cdd00000)
 Metaspace       used 28997K, capacity 30972K, committed 31232K, reserved 1077248K
  class space    used 3973K, capacity 4342K, committed 4352K, reserved 1048576K
Event: 1.587 GC heap after
Heap after GC invocations=4 (full 1):
 PSYoungGen      total 153088K, used 12699K [0x0000000715b80000, 0x0000000724100000, 0x00000007c0000000)
  eden space 131584K, 0% used [0x0000000715b80000,0x0000000715b80000,0x000000071dc00000)
  from space 21504K, 59% used [0x000000071dc00000,0x000000071e866c08,0x000000071f100000)
  to   space 21504K, 0% used [0x0000000722c00000,0x0000000722c00000,0x0000000724100000)
 ParOldGen       total 207872K, used 11287K [0x00000005c1200000, 0x00000005cdd00000, 0x0000000715b80000)
  object space 207872K, 5% used [0x00000005c1200000,0x00000005c1d05f80,0x00000005cdd00000)
 Metaspace       used 28997K, capacity 30972K, committed 31232K, reserved 1077248K
  class space    used 3973K, capacity 4342K, committed 4352K, reserved 1048576K
}
Event: 1.775 GC heap before
{Heap before GC invocations=5 (full 1):
 PSYoungGen      total 153088K, used 71165K [0x0000000715b80000, 0x0000000724100000, 0x00000007c0000000)
  eden space 131584K, 44% used [0x0000000715b80000,0x0000000719498930,0x000000071dc00000)
  from space 21504K, 59% used [0x000000071dc00000,0x000000071e866c08,0x000000071f100000)
  to   space 21504K, 0% used [0x0000000722c00000,0x0000000722c00000,0x0000000724100000)
 ParOldGen       total 207872K, used 11287K [0x00000005c1200000, 0x00000005cdd00000, 0x0000000715b80000)
  object space 207872K, 5% used [0x00000005c1200000,0x00000005c1d05f80,0x00000005cdd00000)
 Metaspace       used 32905K, capacity 35388K, committed 35496K, reserved 1079296K
  class space    used 4590K, capacity 5044K, committed 5120K, reserved 1048576K
Event: 1.778 GC heap after
Heap after GC invocations=5 (full 1):
 PSYoungGen      total 213504K, used 10630K [0x0000000715b80000, 0x0000000724480000, 0x00000007c0000000)
  eden space 192000K, 0% used [0x0000000715b80000,0x0000000715b80000,0x0000000721700000)
  from space 21504K, 49% used [0x0000000722c00000,0x0000000723661978,0x0000000724100000)
  to   space 21504K, 0% used [0x0000000721700000,0x0000000721700000,0x0000000722c00000)
 ParOldGen       total 207872K, used 11295K [0x00000005c1200000, 0x00000005cdd00000, 0x0000000715b80000)
  object space 207872K, 5% used [0x00000005c1200000,0x00000005c1d07f80,0x00000005cdd00000)
 Metaspace       used 32905K, capacity 35388K, committed 35496K, reserved 1079296K
  class space    used 4590K, capacity 5044K, committed 5120K, reserved 1048576K
}
Event: 1.778 GC heap before
{Heap before GC invocations=6 (full 2):
 PSYoungGen      total 213504K, used 10630K [0x0000000715b80000, 0x0000000724480000, 0x00000007c0000000)
  eden space 192000K, 0% used [0x0000000715b80000,0x0000000715b80000,0x0000000721700000)
  from space 21504K, 49% used [0x0000000722c00000,0x0000000723661978,0x0000000724100000)
  to   space 21504K, 0% used [0x0000000721700000,0x0000000721700000,0x0000000722c00000)
 ParOldGen       total 207872K, used 11295K [0x00000005c1200000, 0x00000005cdd00000, 0x0000000715b80000)
  object space 207872K, 5% used [0x00000005c1200000,0x00000005c1d07f80,0x00000005cdd00000)
 Metaspace       used 32905K, capacity 35388K, committed 35496K, reserved 1079296K
  class space    used 4590K, capacity 5044K, committed 5120K, reserved 1048576K
Event: 1.815 GC heap after
Heap after GC invocations=6 (full 2):
 PSYoungGen      total 213504K, used 0K [0x0000000715b80000, 0x0000000724480000, 0x00000007c0000000)
  eden space 192000K, 0% used [0x0000000715b80000,0x0000000715b80000,0x0000000721700000)
  from space 21504K, 0% used [0x0000000722c00000,0x0000000722c00000,0x0000000724100000)
  to   space 21504K, 0% used [0x0000000721700000,0x0000000721700000,0x0000000722c00000)
 ParOldGen       total 351232K, used 17446K [0x00000005c1200000, 0x00000005d6900000, 0x0000000715b80000)
  object space 351232K, 4% used [0x00000005c1200000,0x00000005c2309ba8,0x00000005d6900000)
 Metaspace       used 32903K, capacity 35386K, committed 35496K, reserved 1079296K
  class space    used 4590K, capacity 5043K, committed 5120K, reserved 1048576K
}
Event: 3.709 GC heap before
{Heap before GC invocations=7 (full 2):
 PSYoungGen      total 213504K, used 192000K [0x0000000715b80000, 0x0000000724480000, 0x00000007c0000000)
  eden space 192000K, 100% used [0x0000000715b80000,0x0000000721700000,0x0000000721700000)
  from space 21504K, 0% used [0x0000000722c00000,0x0000000722c00000,0x0000000724100000)
  to   space 21504K, 0% used [0x0000000721700000,0x0000000721700000,0x0000000722c00000)
 ParOldGen       total 351232K, used 17446K [0x00000005c1200000, 0x00000005d6900000, 0x0000000715b80000)
  object space 351232K, 4% used [0x00000005c1200000,0x00000005c2309ba8,0x00000005d6900000)
 Metaspace       used 48565K, capacity 52040K, committed 52224K, reserved 1093632K
  class space    used 6673K, capacity 7303K, committed 7424K, reserved 1048576K
Event: 3.717 GC heap after
Heap after GC invocations=7 (full 2):
 PSYoungGen      total 213504K, used 20029K [0x0000000715b80000, 0x0000000727080000, 0x00000007c0000000)
  eden space 192000K, 0% used [0x0000000715b80000,0x0000000715b80000,0x0000000721700000)
  from space 21504K, 93% used [0x0000000721700000,0x0000000722a8f780,0x0000000722c00000)
  to   space 20480K, 0% used [0x0000000725c80000,0x0000000725c80000,0x0000000727080000)
 ParOldGen       total 351232K, used 17518K [0x00000005c1200000, 0x00000005d6900000, 0x0000000715b80000)
  object space 351232K, 4% used [0x00000005c1200000,0x00000005c231bbb8,0x00000005d6900000)
 Metaspace       used 48565K, capacity 52040K, committed 52224K, reserved 1093632K
  class space    used 6673K, capacity 7303K, committed 7424K, reserved 1048576K
}
Event: 17750.920 GC heap before
{Heap before GC invocations=8 (full 2):
 PSYoungGen      total 213504K, used 212029K [0x0000000715b80000, 0x0000000727080000, 0x00000007c0000000)
  eden space 192000K, 100% used [0x0000000715b80000,0x0000000721700000,0x0000000721700000)
  from space 21504K, 93% used [0x0000000721700000,0x0000000722a8f780,0x0000000722c00000)
  to   space 20480K, 0% used [0x0000000725c80000,0x0000000725c80000,0x0000000727080000)
 ParOldGen       total 351232K, used 17518K [0x00000005c1200000, 0x00000005d6900000, 0x0000000715b80000)
  object space 351232K, 4% used [0x00000005c1200000,0x00000005c231bbb8,0x00000005d6900000)
 Metaspace       used 52448K, capacity 56220K, committed 56576K, reserved 1097728K
  class space    used 7120K, capacity 7821K, committed 7936K, reserved 1048576K
Event: 17750.931 GC heap after
Heap after GC invocations=8 (full 2):
 PSYoungGen      total 206336K, used 17276K [0x0000000715b80000, 0x0000000726d80000, 0x00000007c0000000)
  eden space 188928K, 0% used [0x0000000715b80000,0x0000000715b80000,0x0000000721400000)
  from space 17408K, 99% used [0x0000000725c80000,0x0000000726d5f348,0x0000000726d80000)
  to   space 21504K, 0% used [0x0000000724380000,0x0000000724380000,0x0000000725880000)
 ParOldGen       total 351232K, used 17526K [0x00000005c1200000, 0x00000005d6900000, 0x0000000715b80000)
  object space 351232K, 4% used [0x00000005c1200000,0x00000005c231dbb8,0x00000005d6900000)
 Metaspace       used 52448K, capacity 56220K, committed 56576K, reserved 1097728K
  class space    used 7120K, capacity 7821K, committed 7936K, reserved 1048576K
}

