# JRE version: OpenJDK Runtime Environment (8.0_312-b07) (build 1.8.0_312-b07)
# Java VM: OpenJDK 64-Bit Server VM (25.312-b07 mixed mode windows-amd64 compressed oops)
Heap:
 PSYoungGen      total 208384K, used 20937K [0x0000000715b80000, 0x0000000727280000, 0x00000007c0000000)
  eden space 192000K, 2% used [0x0000000715b80000,0x0000000716034420,0x0000000721700000)
  from space 16384K, 98% used [0x0000000726280000,0x000000072723e038,0x0000000727280000)
  to   space 20992K, 0% used [0x0000000724980000,0x0000000724980000,0x0000000725e00000)
 ParOldGen       total 349184K, used 17710K [0x00000005c1200000, 0x00000005d6700000, 0x0000000715b80000)
  object space 349184K, 5% used [0x00000005c1200000,0x00000005c234ba98,0x00000005d6700000)
 Metaspace       used 50950K, capacity 54592K, committed 54656K, reserved 1095680K
  class space    used 6918K, capacity 7547K, committed 7552K, reserved 1048576K
GC Heap History (10 events):
Event: 1.603 GC heap before
{Heap before GC invocations=4 (full 1):
 PSYoungGen      total 153088K, used 131584K [0x0000000715b80000, 0x0000000728680000, 0x00000007c0000000)
  eden space 131584K, 100% used [0x0000000715b80000,0x000000071dc00000,0x000000071dc00000)
  from space 21504K, 0% used [0x000000071f100000,0x000000071f100000,0x0000000720600000)
  to   space 21504K, 0% used [0x000000071dc00000,0x000000071dc00000,0x000000071f100000)
 ParOldGen       total 205312K, used 11089K [0x00000005c1200000, 0x00000005cda80000, 0x0000000715b80000)
  object space 205312K, 5% used [0x00000005c1200000,0x00000005c1cd47f0,0x00000005cda80000)
 Metaspace       used 28757K, capacity 30740K, committed 30976K, reserved 1075200K
  class space    used 3946K, capacity 4308K, committed 4352K, reserved 1048576K
Event: 1.608 GC heap after
Heap after GC invocations=4 (full 1):
 PSYoungGen      total 153088K, used 12583K [0x0000000715b80000, 0x0000000724480000, 0x00000007c0000000)
  eden space 131584K, 0% used [0x0000000715b80000,0x0000000715b80000,0x000000071dc00000)
  from space 21504K, 58% used [0x000000071dc00000,0x000000071e849ef0,0x000000071f100000)
  to   space 21504K, 0% used [0x0000000722f80000,0x0000000722f80000,0x0000000724480000)
 ParOldGen       total 205312K, used 11097K [0x00000005c1200000, 0x00000005cda80000, 0x0000000715b80000)
  object space 205312K, 5% used [0x00000005c1200000,0x00000005c1cd67f0,0x00000005cda80000)
 Metaspace       used 28757K, capacity 30740K, committed 30976K, reserved 1075200K
  class space    used 3946K, capacity 4308K, committed 4352K, reserved 1048576K
}
Event: 1.808 GC heap before
{Heap before GC invocations=5 (full 1):
 PSYoungGen      total 153088K, used 73673K [0x0000000715b80000, 0x0000000724480000, 0x00000007c0000000)
  eden space 131584K, 46% used [0x0000000715b80000,0x0000000719728608,0x000000071dc00000)
  from space 21504K, 58% used [0x000000071dc00000,0x000000071e849ef0,0x000000071f100000)
  to   space 21504K, 0% used [0x0000000722f80000,0x0000000722f80000,0x0000000724480000)
 ParOldGen       total 205312K, used 11097K [0x00000005c1200000, 0x00000005cda80000, 0x0000000715b80000)
  object space 205312K, 5% used [0x00000005c1200000,0x00000005c1cd67f0,0x00000005cda80000)
 Metaspace       used 32907K, capacity 35388K, committed 35496K, reserved 1079296K
  class space    used 4593K, capacity 5044K, committed 5120K, reserved 1048576K
Event: 1.811 GC heap after
Heap after GC invocations=5 (full 1):
 PSYoungGen      total 217088K, used 11013K [0x0000000715b80000, 0x0000000724700000, 0x00000007c0000000)
  eden space 195584K, 0% used [0x0000000715b80000,0x0000000715b80000,0x0000000721a80000)
  from space 21504K, 51% used [0x0000000722f80000,0x0000000723a41728,0x0000000724480000)
  to   space 21504K, 0% used [0x0000000721a80000,0x0000000721a80000,0x0000000722f80000)
 ParOldGen       total 205312K, used 11105K [0x00000005c1200000, 0x00000005cda80000, 0x0000000715b80000)
  object space 205312K, 5% used [0x00000005c1200000,0x00000005c1cd87f0,0x00000005cda80000)
 Metaspace       used 32907K, capacity 35388K, committed 35496K, reserved 1079296K
  class space    used 4593K, capacity 5044K, committed 5120K, reserved 1048576K
}
Event: 1.811 GC heap before
{Heap before GC invocations=6 (full 2):
 PSYoungGen      total 217088K, used 11013K [0x0000000715b80000, 0x0000000724700000, 0x00000007c0000000)
  eden space 195584K, 0% used [0x0000000715b80000,0x0000000715b80000,0x0000000721a80000)
  from space 21504K, 51% used [0x0000000722f80000,0x0000000723a41728,0x0000000724480000)
  to   space 21504K, 0% used [0x0000000721a80000,0x0000000721a80000,0x0000000722f80000)
 ParOldGen       total 205312K, used 11105K [0x00000005c1200000, 0x00000005cda80000, 0x0000000715b80000)
  object space 205312K, 5% used [0x00000005c1200000,0x00000005c1cd87f0,0x00000005cda80000)
 Metaspace       used 32907K, capacity 35388K, committed 35496K, reserved 1079296K
  class space    used 4593K, capacity 5044K, committed 5120K, reserved 1048576K
Event: 1.851 GC heap after
Heap after GC invocations=6 (full 2):
 PSYoungGen      total 217088K, used 0K [0x0000000715b80000, 0x0000000724700000, 0x00000007c0000000)
  eden space 195584K, 0% used [0x0000000715b80000,0x0000000715b80000,0x0000000721a80000)
  from space 21504K, 0% used [0x0000000722f80000,0x0000000722f80000,0x0000000724480000)
  to   space 21504K, 0% used [0x0000000721a80000,0x0000000721a80000,0x0000000722f80000)
 ParOldGen       total 349184K, used 17614K [0x00000005c1200000, 0x00000005d6700000, 0x0000000715b80000)
  object space 349184K, 5% used [0x00000005c1200000,0x00000005c2333a78,0x00000005d6700000)
 Metaspace       used 32905K, capacity 35386K, committed 35496K, reserved 1079296K
  class space    used 4592K, capacity 5043K, committed 5120K, reserved 1048576K
}
Event: 2.949 GC heap before
{Heap before GC invocations=7 (full 2):
 PSYoungGen      total 217088K, used 195584K [0x0000000715b80000, 0x0000000724700000, 0x00000007c0000000)
  eden space 195584K, 100% used [0x0000000715b80000,0x0000000721a80000,0x0000000721a80000)
  from space 21504K, 0% used [0x0000000722f80000,0x0000000722f80000,0x0000000724480000)
  to   space 21504K, 0% used [0x0000000721a80000,0x0000000721a80000,0x0000000722f80000)
 ParOldGen       total 349184K, used 17614K [0x00000005c1200000, 0x00000005d6700000, 0x0000000715b80000)
  object space 349184K, 5% used [0x00000005c1200000,0x00000005c2333a78,0x00000005d6700000)
 Metaspace       used 49052K, capacity 52584K, committed 52736K, reserved 1095680K
  class space    used 6742K, capacity 7373K, committed 7424K, reserved 1048576K
Event: 2.957 GC heap after
Heap after GC invocations=7 (full 2):
 PSYoungGen      total 217088K, used 21067K [0x0000000715b80000, 0x0000000727700000, 0x00000007c0000000)
  eden space 195584K, 0% used [0x0000000715b80000,0x0000000715b80000,0x0000000721a80000)
  from space 21504K, 97% used [0x0000000721a80000,0x0000000722f12e08,0x0000000722f80000)
  to   space 20992K, 0% used [0x0000000726280000,0x0000000726280000,0x0000000727700000)
 ParOldGen       total 349184K, used 17686K [0x00000005c1200000, 0x00000005d6700000, 0x0000000715b80000)
  object space 349184K, 5% used [0x00000005c1200000,0x00000005c2345a88,0x00000005d6700000)
 Metaspace       used 49052K, capacity 52584K, committed 52736K, reserved 1095680K
  class space    used 6742K, capacity 7373K, committed 7424K, reserved 1048576K
}
Event: 21364.150 GC heap before
{Heap before GC invocations=8 (full 2):
 PSYoungGen      total 217088K, used 216651K [0x0000000715b80000, 0x0000000727700000, 0x00000007c0000000)
  eden space 195584K, 100% used [0x0000000715b80000,0x0000000721a80000,0x0000000721a80000)
  from space 21504K, 97% used [0x0000000721a80000,0x0000000722f12e08,0x0000000722f80000)
  to   space 20992K, 0% used [0x0000000726280000,0x0000000726280000,0x0000000727700000)
 ParOldGen       total 349184K, used 17686K [0x00000005c1200000, 0x00000005d6700000, 0x0000000715b80000)
  object space 349184K, 5% used [0x00000005c1200000,0x00000005c2345a88,0x00000005d6700000)
 Metaspace       used 50950K, capacity 54592K, committed 54656K, reserved 1095680K
  class space    used 6918K, capacity 7547K, committed 7552K, reserved 1048576K
Event: 21364.159 GC heap after
Heap after GC invocations=8 (full 2):
 PSYoungGen      total 208384K, used 16120K [0x0000000715b80000, 0x0000000727280000, 0x00000007c0000000)
  eden space 192000K, 0% used [0x0000000715b80000,0x0000000715b80000,0x0000000721700000)
  from space 16384K, 98% used [0x0000000726280000,0x000000072723e038,0x0000000727280000)
  to   space 20992K, 0% used [0x0000000724980000,0x0000000724980000,0x0000000725e00000)
 ParOldGen       total 349184K, used 17710K [0x00000005c1200000, 0x00000005d6700000, 0x0000000715b80000)
  object space 349184K, 5% used [0x00000005c1200000,0x00000005c234ba98,0x00000005d6700000)
 Metaspace       used 50950K, capacity 54592K, committed 54656K, reserved 1095680K
  class space    used 6918K, capacity 7547K, committed 7552K, reserved 1048576K
}

