# JRE version: OpenJDK Runtime Environment (8.0_312-b07) (build 1.8.0_312-b07)
# Java VM: OpenJDK 64-Bit Server VM (25.312-b07 mixed mode windows-amd64 compressed oops)
Heap:
 PSYoungGen      total 208896K, used 22457K [0x0000000715b80000, 0x0000000726b00000, 0x00000007c0000000)
  eden space 190976K, 2% used [0x0000000715b80000,0x0000000716046790,0x0000000721600000)
  from space 17920K, 98% used [0x0000000725980000,0x0000000726aa7fe8,0x0000000726b00000)
  to   space 21504K, 0% used [0x0000000724100000,0x0000000724100000,0x0000000725600000)
 ParOldGen       total 350208K, used 17612K [0x00000005c1200000, 0x00000005d6800000, 0x0000000715b80000)
  object space 350208K, 5% used [0x00000005c1200000,0x00000005c2333078,0x00000005d6800000)
 Metaspace       used 52462K, capacity 56246K, committed 56576K, reserved 1097728K
  class space    used 7124K, capacity 7824K, committed 7936K, reserved 1048576K
GC Heap History (10 events):
Event: 1.610 GC heap before
{Heap before GC invocations=4 (full 1):
 PSYoungGen      total 153088K, used 131584K [0x0000000715b80000, 0x0000000728680000, 0x00000007c0000000)
  eden space 131584K, 100% used [0x0000000715b80000,0x000000071dc00000,0x000000071dc00000)
  from space 21504K, 0% used [0x000000071f100000,0x000000071f100000,0x0000000720600000)
  to   space 21504K, 0% used [0x000000071dc00000,0x000000071dc00000,0x000000071f100000)
 ParOldGen       total 206336K, used 11276K [0x00000005c1200000, 0x00000005cdb80000, 0x0000000715b80000)
  object space 206336K, 5% used [0x00000005c1200000,0x00000005c1d03218,0x00000005cdb80000)
 Metaspace       used 28863K, capacity 30804K, committed 30976K, reserved 1075200K
  class space    used 3951K, capacity 4308K, committed 4352K, reserved 1048576K
Event: 1.614 GC heap after
Heap after GC invocations=4 (full 1):
 PSYoungGen      total 153088K, used 12483K [0x0000000715b80000, 0x0000000724300000, 0x00000007c0000000)
  eden space 131584K, 0% used [0x0000000715b80000,0x0000000715b80000,0x000000071dc00000)
  from space 21504K, 58% used [0x000000071dc00000,0x000000071e830c18,0x000000071f100000)
  to   space 21504K, 0% used [0x0000000722e00000,0x0000000722e00000,0x0000000724300000)
 ParOldGen       total 206336K, used 11284K [0x00000005c1200000, 0x00000005cdb80000, 0x0000000715b80000)
  object space 206336K, 5% used [0x00000005c1200000,0x00000005c1d05218,0x00000005cdb80000)
 Metaspace       used 28863K, capacity 30804K, committed 30976K, reserved 1075200K
  class space    used 3951K, capacity 4308K, committed 4352K, reserved 1048576K
}
Event: 1.810 GC heap before
{Heap before GC invocations=5 (full 1):
 PSYoungGen      total 153088K, used 72485K [0x0000000715b80000, 0x0000000724300000, 0x00000007c0000000)
  eden space 131584K, 45% used [0x0000000715b80000,0x0000000719618868,0x000000071dc00000)
  from space 21504K, 58% used [0x000000071dc00000,0x000000071e830c18,0x000000071f100000)
  to   space 21504K, 0% used [0x0000000722e00000,0x0000000722e00000,0x0000000724300000)
 ParOldGen       total 206336K, used 11284K [0x00000005c1200000, 0x00000005cdb80000, 0x0000000715b80000)
  object space 206336K, 5% used [0x00000005c1200000,0x00000005c1d05218,0x00000005cdb80000)
 Metaspace       used 32904K, capacity 35388K, committed 35496K, reserved 1079296K
  class space    used 4589K, capacity 5044K, committed 5120K, reserved 1048576K
Event: 1.814 GC heap after
Heap after GC invocations=5 (full 1):
 PSYoungGen      total 215552K, used 10813K [0x0000000715b80000, 0x0000000724600000, 0x00000007c0000000)
  eden space 194048K, 0% used [0x0000000715b80000,0x0000000715b80000,0x0000000721900000)
  from space 21504K, 50% used [0x0000000722e00000,0x000000072388f598,0x0000000724300000)
  to   space 21504K, 0% used [0x0000000721900000,0x0000000721900000,0x0000000722e00000)
 ParOldGen       total 206336K, used 11292K [0x00000005c1200000, 0x00000005cdb80000, 0x0000000715b80000)
  object space 206336K, 5% used [0x00000005c1200000,0x00000005c1d07218,0x00000005cdb80000)
 Metaspace       used 32904K, capacity 35388K, committed 35496K, reserved 1079296K
  class space    used 4589K, capacity 5044K, committed 5120K, reserved 1048576K
}
Event: 1.814 GC heap before
{Heap before GC invocations=6 (full 2):
 PSYoungGen      total 215552K, used 10813K [0x0000000715b80000, 0x0000000724600000, 0x00000007c0000000)
  eden space 194048K, 0% used [0x0000000715b80000,0x0000000715b80000,0x0000000721900000)
  from space 21504K, 50% used [0x0000000722e00000,0x000000072388f598,0x0000000724300000)
  to   space 21504K, 0% used [0x0000000721900000,0x0000000721900000,0x0000000722e00000)
 ParOldGen       total 206336K, used 11292K [0x00000005c1200000, 0x00000005cdb80000, 0x0000000715b80000)
  object space 206336K, 5% used [0x00000005c1200000,0x00000005c1d07218,0x00000005cdb80000)
 Metaspace       used 32904K, capacity 35388K, committed 35496K, reserved 1079296K
  class space    used 4589K, capacity 5044K, committed 5120K, reserved 1048576K
Event: 1.856 GC heap after
Heap after GC invocations=6 (full 2):
 PSYoungGen      total 215552K, used 0K [0x0000000715b80000, 0x0000000724600000, 0x00000007c0000000)
  eden space 194048K, 0% used [0x0000000715b80000,0x0000000715b80000,0x0000000721900000)
  from space 21504K, 0% used [0x0000000722e00000,0x0000000722e00000,0x0000000724300000)
  to   space 21504K, 0% used [0x0000000721900000,0x0000000721900000,0x0000000722e00000)
 ParOldGen       total 350208K, used 17532K [0x00000005c1200000, 0x00000005d6800000, 0x0000000715b80000)
  object space 350208K, 5% used [0x00000005c1200000,0x00000005c231f068,0x00000005d6800000)
 Metaspace       used 32903K, capacity 35386K, committed 35496K, reserved 1079296K
  class space    used 4589K, capacity 5043K, committed 5120K, reserved 1048576K
}
Event: 106.906 GC heap before
{Heap before GC invocations=7 (full 2):
 PSYoungGen      total 215552K, used 194048K [0x0000000715b80000, 0x0000000724600000, 0x00000007c0000000)
  eden space 194048K, 100% used [0x0000000715b80000,0x0000000721900000,0x0000000721900000)
  from space 21504K, 0% used [0x0000000722e00000,0x0000000722e00000,0x0000000724300000)
  to   space 21504K, 0% used [0x0000000721900000,0x0000000721900000,0x0000000722e00000)
 ParOldGen       total 350208K, used 17532K [0x00000005c1200000, 0x00000005d6800000, 0x0000000715b80000)
  object space 350208K, 5% used [0x00000005c1200000,0x00000005c231f068,0x00000005d6800000)
 Metaspace       used 48385K, capacity 51788K, committed 51840K, reserved 1093632K
  class space    used 6655K, capacity 7267K, committed 7296K, reserved 1048576K
Event: 106.914 GC heap after
Heap after GC invocations=7 (full 2):
 PSYoungGen      total 215552K, used 19714K [0x0000000715b80000, 0x0000000726d00000, 0x00000007c0000000)
  eden space 194048K, 0% used [0x0000000715b80000,0x0000000715b80000,0x0000000721900000)
  from space 21504K, 91% used [0x0000000721900000,0x0000000722c40b88,0x0000000722e00000)
  to   space 19968K, 0% used [0x0000000725980000,0x0000000725980000,0x0000000726d00000)
 ParOldGen       total 350208K, used 17604K [0x00000005c1200000, 0x00000005d6800000, 0x0000000715b80000)
  object space 350208K, 5% used [0x00000005c1200000,0x00000005c2331078,0x00000005d6800000)
 Metaspace       used 48385K, capacity 51788K, committed 51840K, reserved 1093632K
  class space    used 6655K, capacity 7267K, committed 7296K, reserved 1048576K
}
Event: 17302.858 GC heap before
{Heap before GC invocations=8 (full 2):
 PSYoungGen      total 215552K, used 213762K [0x0000000715b80000, 0x0000000726d00000, 0x00000007c0000000)
  eden space 194048K, 100% used [0x0000000715b80000,0x0000000721900000,0x0000000721900000)
  from space 21504K, 91% used [0x0000000721900000,0x0000000722c40b88,0x0000000722e00000)
  to   space 19968K, 0% used [0x0000000725980000,0x0000000725980000,0x0000000726d00000)
 ParOldGen       total 350208K, used 17604K [0x00000005c1200000, 0x00000005d6800000, 0x0000000715b80000)
  object space 350208K, 5% used [0x00000005c1200000,0x00000005c2331078,0x00000005d6800000)
 Metaspace       used 52461K, capacity 56246K, committed 56576K, reserved 1097728K
  class space    used 7124K, capacity 7824K, committed 7936K, reserved 1048576K
Event: 17302.867 GC heap after
Heap after GC invocations=8 (full 2):
 PSYoungGen      total 208896K, used 17567K [0x0000000715b80000, 0x0000000726b00000, 0x00000007c0000000)
  eden space 190976K, 0% used [0x0000000715b80000,0x0000000715b80000,0x0000000721600000)
  from space 17920K, 98% used [0x0000000725980000,0x0000000726aa7fe8,0x0000000726b00000)
  to   space 21504K, 0% used [0x0000000724100000,0x0000000724100000,0x0000000725600000)
 ParOldGen       total 350208K, used 17612K [0x00000005c1200000, 0x00000005d6800000, 0x0000000715b80000)
  object space 350208K, 5% used [0x00000005c1200000,0x00000005c2333078,0x00000005d6800000)
 Metaspace       used 52461K, capacity 56246K, committed 56576K, reserved 1097728K
  class space    used 7124K, capacity 7824K, committed 7936K, reserved 1048576K
}

